#
# A fatal error has been detected by the Java Runtime Environment:
#
#  SIGSEGV (0xb) at pc=0x00007f6279aca009, pid=7488, tid=7521
#
# JRE version: OpenJDK Runtime Environment (9.0) (build 9-internal+0-2016-04-14-195246.buildd.src)
# Java VM: OpenJDK 64-Bit Server VM (9-internal+0-2016-04-14-195246.buildd.src, mixed mode, tiered, compressed oops, g1 gc, linux-amd64)
# Problematic frame:
# C  [libjava.so+0x1d009]  JNU_GetEnv+0x19
#
# Core dump will be written. Default location: Core dumps may be processed with "/usr/share/apport/apport %p %s %c %P" (or dumping to /home/myxroft2/Desktop/plates/corner detection/object track/core.7488)
#
# If you would like to submit a bug report, please visit:
#   http://bugreport.java.com/bugreport/crash.jsp
# The crash happened outside the Java Virtual Machine in native code.
# See problematic frame for where to report the bug.
#

---------------  S U M M A R Y ------------

Command Line: /usr/share/arduino/arduinopc.jar

Host: Intel(R) Core(TM) i3-3217U CPU @ 1.80GHz, 4 cores, 3G, Ubuntu 16.04.3 LTS
Time: Sun Aug  6 00:34:14 2017 PHT elapsed time: 0 seconds (0d 0h 0m 0s)

---------------  T H R E A D  ---------------

Current thread (0x00007f6274366000):  JavaThread "AWT-EventQueue-0" [_thread_in_native, id=7521, stack(0x00007f61f9c5f000,0x00007f61f9d60000)]

Stack: [0x00007f61f9c5f000,0x00007f61f9d60000],  sp=0x00007f61f9d5add0,  free space=1007k
Native frames: (J=compiled Java code, j=interpreted, Vv=VM code, C=native code)
C  [libjava.so+0x1d009]  JNU_GetEnv+0x19
C  [libfontmanager.so+0x33f8e]
C  [libfreetype.so.6+0x14d2b]  FT_Stream_Seek+0x1b

Java frames: (J=compiled Java code, j=interpreted, Vv=VM code)
j  sun.font.FreetypeFontScaler.initNativeScaler(Lsun/font/Font2D;IIZI)J+0 java.desktop@9-internal
j  sun.font.FreetypeFontScaler.<init>(Lsun/font/Font2D;IZI)V+26 java.desktop@9-internal
v  ~StubRoutines::call_stub
j  sun.reflect.NativeConstructorAccessorImpl.newInstance0(Ljava/lang/reflect/Constructor;[Ljava/lang/Object;)Ljava/lang/Object;+0 java.base@9-internal
j  sun.reflect.NativeConstructorAccessorImpl.newInstance([Ljava/lang/Object;)Ljava/lang/Object;+85 java.base@9-internal
j  sun.reflect.DelegatingConstructorAccessorImpl.newInstance([Ljava/lang/Object;)Ljava/lang/Object;+5 java.base@9-internal
j  java.lang.reflect.Constructor.newInstance([Ljava/lang/Object;)Ljava/lang/Object;+65 java.base@9-internal
j  sun.font.FontScaler.getScaler(Lsun/font/Font2D;IZI)Lsun/font/FontScaler;+39 java.desktop@9-internal
j  sun.font.TrueTypeFont.getScaler()Lsun/font/FontScaler;+21 java.desktop@9-internal
j  sun.font.FileFontStrike.<init>(Lsun/font/FileFont;Lsun/font/FontStrikeDesc;)V+204 java.desktop@9-internal
j  sun.font.FileFont.createStrike(Lsun/font/FontStrikeDesc;)Lsun/font/FontStrike;+18 java.desktop@9-internal
j  sun.font.Font2D.getStrike(Lsun/font/FontStrikeDesc;Z)Lsun/font/FontStrike;+92 java.desktop@9-internal
j  sun.font.Font2D.getStrike(Lsun/font/FontStrikeDesc;)Lsun/font/FontStrike;+3 java.desktop@9-internal
j  sun.font.CompositeStrike.getStrikeForSlot(I)Lsun/font/PhysicalStrike;+23 java.desktop@9-internal
j  sun.font.CompositeStrike.getFontMetrics()Lsun/font/StrikeMetrics;+31 java.desktop@9-internal
j  sun.font.FontDesignMetrics.initMatrixAndMetrics()V+28 java.desktop@9-internal
j  sun.font.FontDesignMetrics.<init>(Ljava/awt/Font;Ljava/awt/font/FontRenderContext;)V+62 java.desktop@9-internal
j  sun.font.FontDesignMetrics.getMetrics(Ljava/awt/Font;Ljava/awt/font/FontRenderContext;)Lsun/font/FontDesignMetrics;+128 java.desktop@9-internal
j  sun.swing.SwingUtilities2.getFontMetrics(Ljavax/swing/JComponent;Ljava/awt/Font;)Ljava/awt/FontMetrics;+15 java.desktop@9-internal
j  javax.swing.JComponent.getFontMetrics(Ljava/awt/Font;)Ljava/awt/FontMetrics;+2 java.desktop@9-internal
j  javax.swing.text.GlyphPainter1.sync(Ljavax/swing/text/GlyphView;)V+38 java.desktop@9-internal
j  javax.swing.text.GlyphPainter1.getSpan(Ljavax/swing/text/GlyphView;IILjavax/swing/text/TabExpander;F)F+2 java.desktop@9-internal
j  javax.swing.text.GlyphView.getPreferredSpan(I)F+77 java.desktop@9-internal
j  javax.swing.text.FlowView$LogicalView.getPreferredSpan(I)F+32 java.desktop@9-internal
j  javax.swing.text.FlowView.calculateMinorAxisRequirements(ILjavax/swing/SizeRequirements;)Ljavax/swing/SizeRequirements;+17 java.desktop@9-internal
j  javax.swing.text.ParagraphView.calculateMinorAxisRequirements(ILjavax/swing/SizeRequirements;)Ljavax/swing/SizeRequirements;+3 java.desktop@9-internal
j  javax.swing.text.html.ParagraphView.calculateMinorAxisRequirements(ILjavax/swing/SizeRequirements;)Ljavax/swing/SizeRequirements;+3 java.desktop@9-internal
j  javax.swing.text.BoxView.checkRequests(I)V+73 java.desktop@9-internal
j  javax.swing.text.BoxView.getMinimumSpan(I)F+2 java.desktop@9-internal
j  javax.swing.text.html.ParagraphView.getMinimumSpan(I)F+11 java.desktop@9-internal
j  javax.swing.text.BoxView.calculateMinorAxisRequirements(ILjavax/swing/SizeRequirements;)Ljavax/swing/SizeRequirements;+36 java.desktop@9-internal
j  javax.swing.text.html.BlockView.calculateMinorAxisRequirements(ILjavax/swing/SizeRequirements;)Ljavax/swing/SizeRequirements;+31 java.desktop@9-internal
j  javax.swing.text.BoxView.checkRequests(I)V+73 java.desktop@9-internal
j  javax.swing.text.BoxView.getMinimumSpan(I)F+2 java.desktop@9-internal
j  javax.swing.text.html.BlockView.getMinimumSpan(I)F+2 java.desktop@9-internal
j  javax.swing.text.BoxView.calculateMinorAxisRequirements(ILjavax/swing/SizeRequirements;)Ljavax/swing/SizeRequirements;+36 java.desktop@9-internal
j  javax.swing.text.html.BlockView.calculateMinorAxisRequirements(ILjavax/swing/SizeRequirements;)Ljavax/swing/SizeRequirements;+31 java.desktop@9-internal
j  javax.swing.text.BoxView.checkRequests(I)V+73 java.desktop@9-internal
j  javax.swing.text.BoxView.getPreferredSpan(I)F+2 java.desktop@9-internal
j  javax.swing.text.html.BlockView.getPreferredSpan(I)F+2 java.desktop@9-internal
j  javax.swing.plaf.basic.BasicHTML$Renderer.<init>(Ljavax/swing/JComponent;Ljavax/swing/text/ViewFactory;Ljavax/swing/text/View;)V+34 java.desktop@9-internal
j  javax.swing.plaf.basic.BasicHTML.createHTMLView(Ljavax/swing/JComponent;Ljava/lang/String;)Ljavax/swing/text/View;+98 java.desktop@9-internal
j  javax.swing.plaf.basic.BasicHTML.updateRenderer(Ljavax/swing/JComponent;Ljava/lang/String;)V+40 java.desktop@9-internal
j  javax.swing.plaf.basic.BasicLabelUI.installComponents(Ljavax/swing/JLabel;)V+5 java.desktop@9-internal
j  javax.swing.plaf.basic.BasicLabelUI.installUI(Ljavax/swing/JComponent;)V+13 java.desktop@9-internal
j  javax.swing.JComponent.setUI(Ljavax/swing/plaf/ComponentUI;)V+52 java.desktop@9-internal
j  javax.swing.JLabel.setUI(Ljavax/swing/plaf/LabelUI;)V+2 java.desktop@9-internal
j  javax.swing.JLabel.updateUI()V+8 java.desktop@9-internal
j  javax.swing.JLabel.<init>(Ljava/lang/String;Ljavax/swing/Icon;I)V+83 java.desktop@9-internal
j  javax.swing.JLabel.<init>(Ljava/lang/String;I)V+4 java.desktop@9-internal
j  arduinopc.initUI()V+69
j  arduinopc.<init>()V+5
j  arduinopc$3.run()V+4
j  java.awt.event.InvocationEvent.dispatch()V+47 java.desktop@9-internal
j  java.awt.EventQueue.dispatchEventImpl(Ljava/awt/AWTEvent;Ljava/lang/Object;)V+21 java.desktop@9-internal
j  java.awt.EventQueue.access$500(Ljava/awt/EventQueue;Ljava/awt/AWTEvent;Ljava/lang/Object;)V+3 java.desktop@9-internal
j  java.awt.EventQueue$3.run()Ljava/lang/Void;+32 java.desktop@9-internal
j  java.awt.EventQueue$3.run()Ljava/lang/Object;+1 java.desktop@9-internal
v  ~StubRoutines::call_stub
j  java.security.AccessController.doPrivileged(Ljava/security/PrivilegedAction;Ljava/security/AccessControlContext;)Ljava/lang/Object;+0 java.base@9-internal
j  java.security.ProtectionDomain$JavaSecurityAccessImpl.doIntersectionPrivilege(Ljava/security/PrivilegedAction;Ljava/security/AccessControlContext;Ljava/security/AccessControlContext;)Ljava/lang/Object;+18 java.base@9-internal
j  java.awt.EventQueue.dispatchEvent(Ljava/awt/AWTEvent;)V+46 java.desktop@9-internal
j  java.awt.EventDispatchThread.pumpOneEventForFilters(I)V+183 java.desktop@9-internal
j  java.awt.EventDispatchThread.pumpEventsForFilter(ILjava/awt/Conditional;Ljava/awt/EventFilter;)V+35 java.desktop@9-internal
j  java.awt.EventDispatchThread.pumpEventsForHierarchy(ILjava/awt/Conditional;Ljava/awt/Component;)V+11 java.desktop@9-internal
j  java.awt.EventDispatchThread.pumpEvents(ILjava/awt/Conditional;)V+4 java.desktop@9-internal
j  java.awt.EventDispatchThread.pumpEvents(Ljava/awt/Conditional;)V+3 java.desktop@9-internal
j  java.awt.EventDispatchThread.run()V+9 java.desktop@9-internal
v  ~StubRoutines::call_stub

siginfo: si_signo: 11 (SIGSEGV), si_code: 1 (SEGV_MAPERR), si_addr: 0x0000000000000000

Register to memory mapping:

RAX=0x0000000000000000 is an unknown value
RBX=0x0000000000000000 is an unknown value
RCX=0x0000000000000000 is an unknown value
RDX=0x0000000000010002 is an unknown value
RSP=0x00007f61f9d5add0 is pointing into the stack for thread: 0x00007f6274366000
RBP=0x00007f61f9d5ade0 is pointing into the stack for thread: 0x00007f6274366000
RSI=0x0000000000010002 is an unknown value
RDI=0x0000000000000000 is an unknown value
R8 =0x0000000000000000 is an unknown value
R9 =0x0000000000000000 is an unknown value
R10=0x00000000000001db is an unknown value
R11=0x00007f6279ac9ff0: JNU_GetEnv+0x0000000000000000 in /usr/lib/jvm/java-9-openjdk-amd64/lib/amd64/libjava.so at 0x00007f6279aad000
R12=0x00007f61e00d5650 is an unknown value
R13=0x0000000000000000 is an unknown value
R14=0x0000000000000000 is an unknown value
R15=0x00007f61e00e6860 is an unknown value


Registers:
RAX=0x0000000000000000, RBX=0x0000000000000000, RCX=0x0000000000000000, RDX=0x0000000000010002
RSP=0x00007f61f9d5add0, RBP=0x00007f61f9d5ade0, RSI=0x0000000000010002, RDI=0x0000000000000000
R8 =0x0000000000000000, R9 =0x0000000000000000, R10=0x00000000000001db, R11=0x00007f6279ac9ff0
R12=0x00007f61e00d5650, R13=0x0000000000000000, R14=0x0000000000000000, R15=0x00007f61e00e6860
RIP=0x00007f6279aca009, EFLAGS=0x0000000000010246, CSGSFS=0x002b000000000033, ERR=0x0000000000000004
  TRAPNO=0x000000000000000e

Top of Stack: (sp=0x00007f61f9d5add0)
0x00007f61f9d5add0:   0000000000000000 d9d097259a2b4000
0x00007f61f9d5ade0:   00007f61f9d5ae20 00007f61fa975f8e
0x00007f61f9d5adf0:   00007f61e00d5a90 00007f61e00d5650
0x00007f61f9d5ae00:   0000000000000000 0000000000000000
0x00007f61f9d5ae10:   00007f61e00d5650 00007f61e00e6860
0x00007f61f9d5ae20:   0000000000000000 00007f61fa6acd2b
0x00007f61f9d5ae30:   0000000000000000 00007f61fa93ed80
0x00007f61f9d5ae40:   0000000000000000 00007f61fa6c08e0
0x00007f61f9d5ae50:   0000000000000002 0000003200000008
0x00007f61f9d5ae60:   0000000000000000 0000000000000000
0x00007f61f9d5ae70:   0000006e0000005b 0000000000000000
0x00007f61f9d5ae80:   0000000000000000 0000007c00000077
0x00007f61f9d5ae90:   0000000000000000 0000000000000000
0x00007f61f9d5aea0:   0000000001010101 0101010101010101
0x00007f61f9d5aeb0:   0000000000000000 00007f61e0000020
0x00007f61f9d5aec0:   0000000000000070 00007f61f9d5af74
0x00007f61f9d5aed0:   00007f61e00d5a90 00007f61e00e6860
0x00007f61f9d5aee0:   00007f61f9d5af74 00007f627c1d8184
0x00007f61f9d5aef0:   00007f61f9d5b040 00007f61f9d5af24
0x00007f61f9d5af00:   00007f61fa93b9e0 d9d097259a2b4000
0x00007f61f9d5af10:   0000000000000070 00007f61e00d5760
0x00007f61f9d5af20:   00007f61fa93b9e0 00007f61f9d5b038
0x00007f61f9d5af30:   00007f61e00d5a90 00007f61e00e6860
0x00007f61f9d5af40:   00007f61e00d6660 00007f61fa6af4c2
0x00007f61f9d5af50:   0000000100000000 00007f61f9d5b040
0x00007f61f9d5af60:   0000000000000000 0000000000000000
0x00007f61f9d5af70:   00000000f9d5b038 d9d097259a2b4000
0x00007f61f9d5af80:   00007f61e00d5760 00007f61f9d5b040
0x00007f61f9d5af90:   0000000000000000 00007f61e00d59b8
0x00007f61f9d5afa0:   00007f61f9d5b240 00007f61e00d5918
0x00007f61f9d5afb0:   00007f61e00d5a90 00007f61fa6b1581
0x00007f61f9d5afc0:   00007f61f9d5b040 00007f61fa6b1376 

Instructions: (pc=0x00007f6279aca009)
0x00007f6279ac9fe9:   ff eb ea 0f 1f 40 00 55 89 f2 48 89 e5 48 83 ec
0x00007f6279ac9ff9:   10 64 48 8b 04 25 28 00 00 00 48 89 45 f8 31 c0
0x00007f6279aca009:   48 8b 07 48 8d 75 f0 ff 50 30 48 8b 4d f8 64 48
0x00007f6279aca019:   33 0c 25 28 00 00 00 48 8b 45 f0 75 02 c9 c3 e8 


---------------  P R O C E S S  ---------------

Java Threads: ( => current thread )
  0x00007f6274010800 JavaThread "DestroyJavaVM" [_thread_blocked, id=7489, stack(0x00007f627c827000,0x00007f627c928000)]
=>0x00007f6274366000 JavaThread "AWT-EventQueue-0" [_thread_in_native, id=7521, stack(0x00007f61f9c5f000,0x00007f61f9d60000)]
  0x00007f6274364800 JavaThread "AWT-Shutdown" [_thread_blocked, id=7520, stack(0x00007f61f9d60000,0x00007f61f9e61000)]
  0x00007f6274360000 JavaThread "AWT-XAWT" daemon [_thread_in_native, id=7519, stack(0x00007f61f9e61000,0x00007f61f9f62000)]
  0x00007f6274342000 JavaThread "Java2D Disposer" daemon [_thread_blocked, id=7518, stack(0x00007f61fa372000,0x00007f61fa473000)]
  0x00007f627423b800 JavaThread "Service Thread" daemon [_thread_blocked, id=7511, stack(0x00007f621c4ce000,0x00007f621c5cf000)]
  0x00007f6274175800 JavaThread "Common-Cleaner" daemon [_thread_blocked, id=7510, stack(0x00007f621c5cf000,0x00007f621c6d0000)]
  0x00007f6274136000 JavaThread "Sweeper thread" daemon [_thread_blocked, id=7509, stack(0x00007f621fafb000,0x00007f621fbfc000)]
  0x00007f6274134000 JavaThread "C1 CompilerThread2" daemon [_thread_in_native, id=7508, stack(0x00007f621fbfc000,0x00007f621fcfd000)]
  0x00007f6274132000 JavaThread "C2 CompilerThread1" daemon [_thread_in_native, id=7507, stack(0x00007f621fcfd000,0x00007f621fdfe000)]
  0x00007f6274130000 JavaThread "C2 CompilerThread0" daemon [_thread_blocked, id=7506, stack(0x00007f621fdfe000,0x00007f621feff000)]
  0x00007f627412c000 JavaThread "Signal Dispatcher" daemon [_thread_blocked, id=7505, stack(0x00007f621feff000,0x00007f6220000000)]
  0x00007f627412a000 JavaThread "Surrogate Locker Thread (Concurrent GC)" daemon [_thread_blocked, id=7504, stack(0x00007f6234092000,0x00007f6234193000)]
  0x00007f6274118800 JavaThread "Finalizer" daemon [_thread_blocked, id=7503, stack(0x00007f623446b000,0x00007f623456c000)]
  0x00007f6274114800 JavaThread "Reference Handler" daemon [_thread_blocked, id=7502, stack(0x00007f623456c000,0x00007f623466d000)]

Other Threads:
  0x00007f627410a000 VMThread [stack: 0x00007f623466d000,0x00007f623476e000] [id=7501]
  0x00007f627423e000 WatcherThread [stack: 0x00007f621c3cd000,0x00007f621c4ce000] [id=7512]

Threads with active compile tasks:
C1 CompilerThread2 567       3       java.lang.Class::reflectionData (49 bytes)
C2 CompilerThread1 516       4       java.util.HashMap::putVal (300 bytes)

VM state:not at safepoint (normal execution)

VM Mutex/Monitor currently owned by a thread: None

heap address: 0x00000000c5000000, size: 944 MB, Compressed Oops mode: 32-bit
Narrow klass base: 0x0000000000000000, Narrow klass shift: 3
Compressed class space size: 1073741824 Address: 0x0000000100000000

Heap:
 garbage-first heap   total 61440K, used 6144K [0x00000000c5000000, 0x00000000c51001e0, 0x0000000100000000)
  region size 1024K, 7 young (7168K), 0 survivors (0K)
 Metaspace       used 11305K, capacity 11644K, committed 11776K, reserved 1058816K
  class space    used 1293K, capacity 1452K, committed 1536K, reserved 1048576K

Heap Regions: E=young(eden), S=young(survivor), O=old, HS=humongous(starts), HC=humongous(continues), CS=collection set, F=free, A=archive, TS=gc time stamp, AC=allocation context, TAMS=top-at-mark-start (previous, next)
|   0|0x00000000c5000000, 0x00000000c5000000, 0x00000000c5100000|  0%| F|  |TS  0|AC  0|TAMS 0x00000000c5000000, 0x00000000c5000000|
|   1|0x00000000c5100000, 0x00000000c5100000, 0x00000000c5200000|  0%| F|  |TS  0|AC  0|TAMS 0x00000000c5100000, 0x00000000c5100000|
|   2|0x00000000c5200000, 0x00000000c5200000, 0x00000000c5300000|  0%| F|  |TS  0|AC  0|TAMS 0x00000000c5200000, 0x00000000c5200000|
|   3|0x00000000c5300000, 0x00000000c5300000, 0x00000000c5400000|  0%| F|  |TS  0|AC  0|TAMS 0x00000000c5300000, 0x00000000c5300000|
|   4|0x00000000c5400000, 0x00000000c5400000, 0x00000000c5500000|  0%| F|  |TS  0|AC  0|TAMS 0x00000000c5400000, 0x00000000c5400000|
|   5|0x00000000c5500000, 0x00000000c5500000, 0x00000000c5600000|  0%| F|  |TS  0|AC  0|TAMS 0x00000000c5500000, 0x00000000c5500000|
|   6|0x00000000c5600000, 0x00000000c5600000, 0x00000000c5700000|  0%| F|  |TS  0|AC  0|TAMS 0x00000000c5600000, 0x00000000c5600000|
|   7|0x00000000c5700000, 0x00000000c5700000, 0x00000000c5800000|  0%| F|  |TS  0|AC  0|TAMS 0x00000000c5700000, 0x00000000c5700000|
|   8|0x00000000c5800000, 0x00000000c5800000, 0x00000000c5900000|  0%| F|  |TS  0|AC  0|TAMS 0x00000000c5800000, 0x00000000c5800000|
|   9|0x00000000c5900000, 0x00000000c5900000, 0x00000000c5a00000|  0%| F|  |TS  0|AC  0|TAMS 0x00000000c5900000, 0x00000000c5900000|
|  10|0x00000000c5a00000, 0x00000000c5a00000, 0x00000000c5b00000|  0%| F|  |TS  0|AC  0|TAMS 0x00000000c5a00000, 0x00000000c5a00000|
|  11|0x00000000c5b00000, 0x00000000c5b00000, 0x00000000c5c00000|  0%| F|  |TS  0|AC  0|TAMS 0x00000000c5b00000, 0x00000000c5b00000|
|  12|0x00000000c5c00000, 0x00000000c5c00000, 0x00000000c5d00000|  0%| F|  |TS  0|AC  0|TAMS 0x00000000c5c00000, 0x00000000c5c00000|
|  13|0x00000000c5d00000, 0x00000000c5d00000, 0x00000000c5e00000|  0%| F|  |TS  0|AC  0|TAMS 0x00000000c5d00000, 0x00000000c5d00000|
|  14|0x00000000c5e00000, 0x00000000c5e00000, 0x00000000c5f00000|  0%| F|  |TS  0|AC  0|TAMS 0x00000000c5e00000, 0x00000000c5e00000|
|  15|0x00000000c5f00000, 0x00000000c5f00000, 0x00000000c6000000|  0%| F|  |TS  0|AC  0|TAMS 0x00000000c5f00000, 0x00000000c5f00000|
|  16|0x00000000c6000000, 0x00000000c6000000, 0x00000000c6100000|  0%| F|  |TS  0|AC  0|TAMS 0x00000000c6000000, 0x00000000c6000000|
|  17|0x00000000c6100000, 0x00000000c6100000, 0x00000000c6200000|  0%| F|  |TS  0|AC  0|TAMS 0x00000000c6100000, 0x00000000c6100000|
|  18|0x00000000c6200000, 0x00000000c6200000, 0x00000000c6300000|  0%| F|  |TS  0|AC  0|TAMS 0x00000000c6200000, 0x00000000c6200000|
|  19|0x00000000c6300000, 0x00000000c6300000, 0x00000000c6400000|  0%| F|  |TS  0|AC  0|TAMS 0x00000000c6300000, 0x00000000c6300000|
|  20|0x00000000c6400000, 0x00000000c6400000, 0x00000000c6500000|  0%| F|  |TS  0|AC  0|TAMS 0x00000000c6400000, 0x00000000c6400000|
|  21|0x00000000c6500000, 0x00000000c6500000, 0x00000000c6600000|  0%| F|  |TS  0|AC  0|TAMS 0x00000000c6500000, 0x00000000c6500000|
|  22|0x00000000c6600000, 0x00000000c6600000, 0x00000000c6700000|  0%| F|  |TS  0|AC  0|TAMS 0x00000000c6600000, 0x00000000c6600000|
|  23|0x00000000c6700000, 0x00000000c6700000, 0x00000000c6800000|  0%| F|  |TS  0|AC  0|TAMS 0x00000000c6700000, 0x00000000c6700000|
|  24|0x00000000c6800000, 0x00000000c6800000, 0x00000000c6900000|  0%| F|  |TS  0|AC  0|TAMS 0x00000000c6800000, 0x00000000c6800000|
|  25|0x00000000c6900000, 0x00000000c6900000, 0x00000000c6a00000|  0%| F|  |TS  0|AC  0|TAMS 0x00000000c6900000, 0x00000000c6900000|
|  26|0x00000000c6a00000, 0x00000000c6a00000, 0x00000000c6b00000|  0%| F|  |TS  0|AC  0|TAMS 0x00000000c6a00000, 0x00000000c6a00000|
|  27|0x00000000c6b00000, 0x00000000c6b00000, 0x00000000c6c00000|  0%| F|  |TS  0|AC  0|TAMS 0x00000000c6b00000, 0x00000000c6b00000|
|  28|0x00000000c6c00000, 0x00000000c6c00000, 0x00000000c6d00000|  0%| F|  |TS  0|AC  0|TAMS 0x00000000c6c00000, 0x00000000c6c00000|
|  29|0x00000000c6d00000, 0x00000000c6d00000, 0x00000000c6e00000|  0%| F|  |TS  0|AC  0|TAMS 0x00000000c6d00000, 0x00000000c6d00000|
|  30|0x00000000c6e00000, 0x00000000c6e00000, 0x00000000c6f00000|  0%| F|  |TS  0|AC  0|TAMS 0x00000000c6e00000, 0x00000000c6e00000|
|  31|0x00000000c6f00000, 0x00000000c6f00000, 0x00000000c7000000|  0%| F|  |TS  0|AC  0|TAMS 0x00000000c6f00000, 0x00000000c6f00000|
|  32|0x00000000c7000000, 0x00000000c7000000, 0x00000000c7100000|  0%| F|  |TS  0|AC  0|TAMS 0x00000000c7000000, 0x00000000c7000000|
|  33|0x00000000c7100000, 0x00000000c7100000, 0x00000000c7200000|  0%| F|  |TS  0|AC  0|TAMS 0x00000000c7100000, 0x00000000c7100000|
|  34|0x00000000c7200000, 0x00000000c7200000, 0x00000000c7300000|  0%| F|  |TS  0|AC  0|TAMS 0x00000000c7200000, 0x00000000c7200000|
|  35|0x00000000c7300000, 0x00000000c7300000, 0x00000000c7400000|  0%| F|  |TS  0|AC  0|TAMS 0x00000000c7300000, 0x00000000c7300000|
|  36|0x00000000c7400000, 0x00000000c7400000, 0x00000000c7500000|  0%| F|  |TS  0|AC  0|TAMS 0x00000000c7400000, 0x00000000c7400000|
|  37|0x00000000c7500000, 0x00000000c7500000, 0x00000000c7600000|  0%| F|  |TS  0|AC  0|TAMS 0x00000000c7500000, 0x00000000c7500000|
|  38|0x00000000c7600000, 0x00000000c7600000, 0x00000000c7700000|  0%| F|  |TS  0|AC  0|TAMS 0x00000000c7600000, 0x00000000c7600000|
|  39|0x00000000c7700000, 0x00000000c7700000, 0x00000000c7800000|  0%| F|  |TS  0|AC  0|TAMS 0x00000000c7700000, 0x00000000c7700000|
|  40|0x00000000c7800000, 0x00000000c7800000, 0x00000000c7900000|  0%| F|  |TS  0|AC  0|TAMS 0x00000000c7800000, 0x00000000c7800000|
|  41|0x00000000c7900000, 0x00000000c7900000, 0x00000000c7a00000|  0%| F|  |TS  0|AC  0|TAMS 0x00000000c7900000, 0x00000000c7900000|
|  42|0x00000000c7a00000, 0x00000000c7a00000, 0x00000000c7b00000|  0%| F|  |TS  0|AC  0|TAMS 0x00000000c7a00000, 0x00000000c7a00000|
|  43|0x00000000c7b00000, 0x00000000c7b00000, 0x00000000c7c00000|  0%| F|  |TS  0|AC  0|TAMS 0x00000000c7b00000, 0x00000000c7b00000|
|  44|0x00000000c7c00000, 0x00000000c7c00000, 0x00000000c7d00000|  0%| F|  |TS  0|AC  0|TAMS 0x00000000c7c00000, 0x00000000c7c00000|
|  45|0x00000000c7d00000, 0x00000000c7d00000, 0x00000000c7e00000|  0%| F|  |TS  0|AC  0|TAMS 0x00000000c7d00000, 0x00000000c7d00000|
|  46|0x00000000c7e00000, 0x00000000c7e00000, 0x00000000c7f00000|  0%| F|  |TS  0|AC  0|TAMS 0x00000000c7e00000, 0x00000000c7e00000|
|  47|0x00000000c7f00000, 0x00000000c7f00000, 0x00000000c8000000|  0%| F|  |TS  0|AC  0|TAMS 0x00000000c7f00000, 0x00000000c7f00000|
|  48|0x00000000c8000000, 0x00000000c8000000, 0x00000000c8100000|  0%| F|  |TS  0|AC  0|TAMS 0x00000000c8000000, 0x00000000c8000000|
|  49|0x00000000c8100000, 0x00000000c8100000, 0x00000000c8200000|  0%| F|  |TS  0|AC  0|TAMS 0x00000000c8100000, 0x00000000c8100000|
|  50|0x00000000c8200000, 0x00000000c8200000, 0x00000000c8300000|  0%| F|  |TS  0|AC  0|TAMS 0x00000000c8200000, 0x00000000c8200000|
|  51|0x00000000c8300000, 0x00000000c8300000, 0x00000000c8400000|  0%| F|  |TS  0|AC  0|TAMS 0x00000000c8300000, 0x00000000c8300000|
|  52|0x00000000c8400000, 0x00000000c8400000, 0x00000000c8500000|  0%| F|  |TS  0|AC  0|TAMS 0x00000000c8400000, 0x00000000c8400000|
|  53|0x00000000c8500000, 0x00000000c8548310, 0x00000000c8600000| 28%| E|  |TS  0|AC  0|TAMS 0x00000000c8500000, 0x00000000c8500000|
|  54|0x00000000c8600000, 0x00000000c8700000, 0x00000000c8700000|100%| E|CS|TS  0|AC  0|TAMS 0x00000000c8600000, 0x00000000c8600000|
|  55|0x00000000c8700000, 0x00000000c8800000, 0x00000000c8800000|100%| E|CS|TS  0|AC  0|TAMS 0x00000000c8700000, 0x00000000c8700000|
|  56|0x00000000c8800000, 0x00000000c8900000, 0x00000000c8900000|100%| E|CS|TS  0|AC  0|TAMS 0x00000000c8800000, 0x00000000c8800000|
|  57|0x00000000c8900000, 0x00000000c8a00000, 0x00000000c8a00000|100%| E|CS|TS  0|AC  0|TAMS 0x00000000c8900000, 0x00000000c8900000|
|  58|0x00000000c8a00000, 0x00000000c8b00000, 0x00000000c8b00000|100%| E|CS|TS  0|AC  0|TAMS 0x00000000c8a00000, 0x00000000c8a00000|
|  59|0x00000000c8b00000, 0x00000000c8c00000, 0x00000000c8c00000|100%| E|CS|TS  0|AC  0|TAMS 0x00000000c8b00000, 0x00000000c8b00000|

Card table byte_map: [0x00007f625d5c8000,0x00007f625d7a0000] byte_map_base: 0x00007f625cfa0000

Marking Bits (Prev, Next): (CMBitMap*) 0x00007f627404b280, (CMBitMap*) 0x00007f627404b2d8
 Prev Bits: [0x00007f625c530000, 0x00007f625d3f0000)
 Next Bits: [0x00007f6237140000, 0x00007f6238000000)

Polling page: 0x00007f627c94f000

CodeHeap 'non-nmethods': size=5696Kb used=1250Kb max_used=1258Kb free=4445Kb
 bounds [0x00007f625dc51000, 0x00007f625dec1000, 0x00007f625e1e1000]
CodeHeap 'profiled nmethods': size=120032Kb used=868Kb max_used=868Kb free=119163Kb
 bounds [0x00007f625e1e1000, 0x00007f625e451000, 0x00007f6265719000]
CodeHeap 'non-profiled nmethods': size=120032Kb used=164Kb max_used=164Kb free=119867Kb
 bounds [0x00007f6265719000, 0x00007f6265989000, 0x00007f626cc51000]
 total_blobs=1206 nmethods=566 adapters=425
 compilation: enabled

Compilation events (10 events):
Event: 0.667 Thread 0x00007f6274134000 nmethod 561 0x00007f625e2b8490 code [0x00007f625e2b8660, 0x00007f625e2b8e38]
Event: 0.667 Thread 0x00007f6274134000  551       3       java.util.WeakHashMap::hash (28 bytes)
Event: 0.668 Thread 0x00007f6274134000 nmethod 551 0x00007f625e2b9090 code [0x00007f625e2b9220, 0x00007f625e2b9468]
Event: 0.668 Thread 0x00007f6274134000  560       1       java.util.Collections$EmptyEnumeration::hasMoreElements (2 bytes)
Event: 0.668 Thread 0x00007f6274134000 nmethod 560 0x00007f6265741510 code [0x00007f6265741680, 0x00007f6265741790]
Event: 0.673 Thread 0x00007f6274130000 nmethod 549 0x00007f6265741810 code [0x00007f6265741980, 0x00007f6265741b38]
Event: 0.674 Thread 0x00007f6274134000  564       3       java.nio.HeapByteBuffer::_get (7 bytes)
Event: 0.674 Thread 0x00007f6274134000 nmethod 564 0x00007f625e2b9510 code [0x00007f625e2b9680, 0x00007f625e2b97f0]
Event: 0.675 Thread 0x00007f6274134000  565       1       java.nio.Buffer::position (5 bytes)
Event: 0.676 Thread 0x00007f6274134000 nmethod 565 0x00007f6265741c10 code [0x00007f6265741d80, 0x00007f6265741e90]

GC Heap History (0 events):
No events

Deoptimization events (10 events):
Event: 0.612 Thread 0x00007f6274366000 Uncommon trap: reason=class_check action=maybe_recompile pc=0x00007f62657222e8 method=java.util.HashMap.putVal(ILjava/lang/Object;Ljava/lang/Object;ZZ)Ljava/lang/Object; @ 91
Event: 0.612 Thread 0x00007f6274366000 Uncommon trap: reason=class_check action=maybe_recompile pc=0x00007f62657222e8 method=java.util.HashMap.putVal(ILjava/lang/Object;Ljava/lang/Object;ZZ)Ljava/lang/Object; @ 91
Event: 0.617 Thread 0x00007f6274366000 Uncommon trap: reason=class_check action=maybe_recompile pc=0x00007f626573c828 method=javax.swing.text.html.CSSParser.readChar()I @ 21
Event: 0.617 Thread 0x00007f6274366000 Uncommon trap: reason=class_check action=maybe_recompile pc=0x00007f626573c828 method=javax.swing.text.html.CSSParser.readChar()I @ 21
Event: 0.617 Thread 0x00007f6274366000 Uncommon trap: reason=class_check action=maybe_recompile pc=0x00007f626573c828 method=javax.swing.text.html.CSSParser.readChar()I @ 21
Event: 0.617 Thread 0x00007f6274366000 Uncommon trap: reason=class_check action=maybe_recompile pc=0x00007f626573c828 method=javax.swing.text.html.CSSParser.readChar()I @ 21
Event: 0.649 Thread 0x00007f6274366000 Uncommon trap: reason=class_check action=maybe_recompile pc=0x00007f6265732328 method=java.lang.String.equals(Ljava/lang/Object;)Z @ 8
Event: 0.650 Thread 0x00007f6274366000 Uncommon trap: reason=class_check action=maybe_recompile pc=0x00007f6265732328 method=java.lang.String.equals(Ljava/lang/Object;)Z @ 8
Event: 0.651 Thread 0x00007f6274366000 Uncommon trap: reason=class_check action=maybe_recompile pc=0x00007f6265732328 method=java.lang.String.equals(Ljava/lang/Object;)Z @ 8
Event: 0.653 Thread 0x00007f6274366000 Uncommon trap: reason=class_check action=maybe_recompile pc=0x00007f6265732328 method=java.lang.String.equals(Ljava/lang/Object;)Z @ 8

Classes redefined (0 events):
No events

Internal exceptions (7 events):
Event: 0.264 Thread 0x00007f6274010800 Exception <a 'java/lang/ClassNotFoundException': sun/awt/resources/awtProvider> (0x00000000c896cb40) thrown at [/build/openjdk-9-argm_o/openjdk-9-9~b114/src/hotspot/src/share/vm/classfile/systemDictionary.cpp, line 224]
Event: 0.285 Thread 0x00007f6274010800 Exception <a 'java/io/FileNotFoundException'> (0x00000000c89aba78) thrown at [/build/openjdk-9-argm_o/openjdk-9-9~b114/src/hotspot/src/share/vm/prims/jni.cpp, line 605]
Event: 0.286 Thread 0x00007f6274010800 Exception <a 'java/io/FileNotFoundException'> (0x00000000c89b3ac0) thrown at [/build/openjdk-9-argm_o/openjdk-9-9~b114/src/hotspot/src/share/vm/prims/jni.cpp, line 605]
Event: 0.489 Thread 0x00007f6274366000 Exception <a 'java/lang/ClassNotFoundException': com/sun/swing/internal/plaf/metal/resources/metalProvider> (0x00000000c87b1ff8) thrown at [/build/openjdk-9-argm_o/openjdk-9-9~b114/src/hotspot/src/share/vm/classfile/systemDictionary.cpp, line 224]
Event: 0.490 Thread 0x00007f6274366000 Exception <a 'java/lang/ClassNotFoundException': com/sun/swing/internal/plaf/basic/resources/basicProvider> (0x00000000c87b5cd0) thrown at [/build/openjdk-9-argm_o/openjdk-9-9~b114/src/hotspot/src/share/vm/classfile/systemDictionary.cpp, line 224]
Event: 0.505 Thread 0x00007f6274366000 Implicit null exception at 0x00007f62657235b8 to 0x00007f6265723646
Event: 0.518 Thread 0x00007f6274366000 Implicit null exception at 0x00007f6265722b0f to 0x00007f6265722b79

Events (10 events):
Event: 0.675 loading class sun/nio/cs/UTF_16$Decoder
Event: 0.675 loading class sun/nio/cs/UnicodeDecoder
Event: 0.675 loading class sun/nio/cs/UnicodeDecoder done
Event: 0.675 loading class sun/nio/cs/UTF_16$Decoder done
Event: 0.676 loading class sun/font/FileFontStrike
Event: 0.677 loading class sun/font/FileFontStrike done
Event: 0.677 loading class sun/font/FontScaler
Event: 0.677 loading class sun/font/FontScaler done
Event: 0.677 loading class sun/font/FreetypeFontScaler
Event: 0.677 loading class sun/font/FreetypeFontScaler done


Dynamic libraries:
00400000-00401000 r-xp 00000000 08:02 4200448                            /usr/lib/jvm/java-9-openjdk-amd64/bin/java
00600000-00601000 r--p 00000000 08:02 4200448                            /usr/lib/jvm/java-9-openjdk-amd64/bin/java
00601000-00602000 rw-p 00001000 08:02 4200448                            /usr/lib/jvm/java-9-openjdk-amd64/bin/java
01659000-0167a000 rw-p 00000000 00:00 0                                  [heap]
c5000000-c8c00000 rw-p 00000000 00:00 0 
c8c00000-100000000 ---p 00000000 00:00 0 
100000000-100180000 rw-p 00000000 00:00 0 
100180000-140000000 ---p 00000000 00:00 0 
7f61e0000000-7f61e00ea000 rw-p 00000000 00:00 0 
7f61e00ea000-7f61e4000000 ---p 00000000 00:00 0 
7f61e8000000-7f61e8021000 rw-p 00000000 00:00 0 
7f61e8021000-7f61ec000000 ---p 00000000 00:00 0 
7f61ec000000-7f61ec021000 rw-p 00000000 00:00 0 
7f61ec021000-7f61f0000000 ---p 00000000 00:00 0 
7f61f0000000-7f61f0021000 rw-p 00000000 00:00 0 
7f61f0021000-7f61f4000000 ---p 00000000 00:00 0 
7f61f4000000-7f61f4021000 rw-p 00000000 00:00 0 
7f61f4021000-7f61f8000000 ---p 00000000 00:00 0 
7f61f9a5f000-7f61f9c5f000 rw-p 00000000 00:00 0 
7f61f9c5f000-7f61f9c63000 ---p 00000000 00:00 0 
7f61f9c63000-7f61f9d60000 rw-p 00000000 00:00 0 
7f61f9d60000-7f61f9d64000 ---p 00000000 00:00 0 
7f61f9d64000-7f61f9e61000 rw-p 00000000 00:00 0 
7f61f9e61000-7f61f9e65000 ---p 00000000 00:00 0 
7f61f9e65000-7f61f9f62000 rw-p 00000000 00:00 0 
7f61f9f62000-7f61f9f67000 r-xp 00000000 08:02 1053706                    /usr/lib/x86_64-linux-gnu/libXfixes.so.3.1.0
7f61f9f67000-7f61fa166000 ---p 00005000 08:02 1053706                    /usr/lib/x86_64-linux-gnu/libXfixes.so.3.1.0
7f61fa166000-7f61fa167000 r--p 00004000 08:02 1053706                    /usr/lib/x86_64-linux-gnu/libXfixes.so.3.1.0
7f61fa167000-7f61fa168000 rw-p 00005000 08:02 1053706                    /usr/lib/x86_64-linux-gnu/libXfixes.so.3.1.0
7f61fa168000-7f61fa171000 r-xp 00000000 08:02 1053698                    /usr/lib/x86_64-linux-gnu/libXcursor.so.1.0.2
7f61fa171000-7f61fa370000 ---p 00009000 08:02 1053698                    /usr/lib/x86_64-linux-gnu/libXcursor.so.1.0.2
7f61fa370000-7f61fa371000 r--p 00008000 08:02 1053698                    /usr/lib/x86_64-linux-gnu/libXcursor.so.1.0.2
7f61fa371000-7f61fa372000 rw-p 00009000 08:02 1053698                    /usr/lib/x86_64-linux-gnu/libXcursor.so.1.0.2
7f61fa372000-7f61fa376000 ---p 00000000 00:00 0 
7f61fa376000-7f61fa473000 rw-p 00000000 00:00 0 
7f61fa473000-7f61fa497000 r-xp 00000000 08:02 20976094                   /lib/x86_64-linux-gnu/libpng12.so.0.54.0
7f61fa497000-7f61fa696000 ---p 00024000 08:02 20976094                   /lib/x86_64-linux-gnu/libpng12.so.0.54.0
7f61fa696000-7f61fa697000 r--p 00023000 08:02 20976094                   /lib/x86_64-linux-gnu/libpng12.so.0.54.0
7f61fa697000-7f61fa698000 rw-p 00024000 08:02 20976094                   /lib/x86_64-linux-gnu/libpng12.so.0.54.0
7f61fa698000-7f61fa73c000 r-xp 00000000 08:02 1048624                    /usr/lib/x86_64-linux-gnu/libfreetype.so.6.12.1
7f61fa73c000-7f61fa93b000 ---p 000a4000 08:02 1048624                    /usr/lib/x86_64-linux-gnu/libfreetype.so.6.12.1
7f61fa93b000-7f61fa941000 r--p 000a3000 08:02 1048624                    /usr/lib/x86_64-linux-gnu/libfreetype.so.6.12.1
7f61fa941000-7f61fa942000 rw-p 000a9000 08:02 1048624                    /usr/lib/x86_64-linux-gnu/libfreetype.so.6.12.1
7f61fa942000-7f61faa08000 r-xp 00000000 08:02 4200468                    /usr/lib/jvm/java-9-openjdk-amd64/lib/amd64/libfontmanager.so
7f61faa08000-7f61fac07000 ---p 000c6000 08:02 4200468                    /usr/lib/jvm/java-9-openjdk-amd64/lib/amd64/libfontmanager.so
7f61fac07000-7f61fac0a000 r--p 000c5000 08:02 4200468                    /usr/lib/jvm/java-9-openjdk-amd64/lib/amd64/libfontmanager.so
7f61fac0a000-7f61fac0b000 rw-p 000c8000 08:02 4200468                    /usr/lib/jvm/java-9-openjdk-amd64/lib/amd64/libfontmanager.so
7f61fac0b000-7f61fac0c000 rw-p 00000000 00:00 0 
7f61fac0c000-7f61fac11000 r-xp 00000000 08:02 1053702                    /usr/lib/x86_64-linux-gnu/libXdmcp.so.6.0.0
7f61fac11000-7f61fae10000 ---p 00005000 08:02 1053702                    /usr/lib/x86_64-linux-gnu/libXdmcp.so.6.0.0
7f61fae10000-7f61fae11000 r--p 00004000 08:02 1053702                    /usr/lib/x86_64-linux-gnu/libXdmcp.so.6.0.0
7f61fae11000-7f61fae12000 rw-p 00005000 08:02 1053702                    /usr/lib/x86_64-linux-gnu/libXdmcp.so.6.0.0
7f61fae12000-7f61fae14000 r-xp 00000000 08:02 1053691                    /usr/lib/x86_64-linux-gnu/libXau.so.6.0.0
7f61fae14000-7f61fb014000 ---p 00002000 08:02 1053691                    /usr/lib/x86_64-linux-gnu/libXau.so.6.0.0
7f61fb014000-7f61fb015000 r--p 00002000 08:02 1053691                    /usr/lib/x86_64-linux-gnu/libXau.so.6.0.0
7f61fb015000-7f61fb016000 rw-p 00003000 08:02 1053691                    /usr/lib/x86_64-linux-gnu/libXau.so.6.0.0
7f61fb016000-7f61fb037000 r-xp 00000000 08:02 1054747                    /usr/lib/x86_64-linux-gnu/libxcb.so.1.1.0
7f61fb037000-7f61fb236000 ---p 00021000 08:02 1054747                    /usr/lib/x86_64-linux-gnu/libxcb.so.1.1.0
7f61fb236000-7f61fb237000 r--p 00020000 08:02 1054747                    /usr/lib/x86_64-linux-gnu/libxcb.so.1.1.0
7f61fb237000-7f61fb238000 rw-p 00021000 08:02 1054747                    /usr/lib/x86_64-linux-gnu/libxcb.so.1.1.0
7f61fb238000-7f61fb247000 r-xp 00000000 08:02 1053712                    /usr/lib/x86_64-linux-gnu/libXi.so.6.1.0
7f61fb247000-7f61fb446000 ---p 0000f000 08:02 1053712                    /usr/lib/x86_64-linux-gnu/libXi.so.6.1.0
7f61fb446000-7f61fb447000 r--p 0000e000 08:02 1053712                    /usr/lib/x86_64-linux-gnu/libXi.so.6.1.0
7f61fb447000-7f61fb448000 rw-p 0000f000 08:02 1053712                    /usr/lib/x86_64-linux-gnu/libXi.so.6.1.0
7f61fb448000-7f61fb44d000 r-xp 00000000 08:02 1053730                    /usr/lib/x86_64-linux-gnu/libXtst.so.6.1.0
7f61fb44d000-7f61fb64c000 ---p 00005000 08:02 1053730                    /usr/lib/x86_64-linux-gnu/libXtst.so.6.1.0
7f61fb64c000-7f61fb64d000 r--p 00004000 08:02 1053730                    /usr/lib/x86_64-linux-gnu/libXtst.so.6.1.0
7f61fb64d000-7f61fb64e000 rw-p 00005000 08:02 1053730                    /usr/lib/x86_64-linux-gnu/libXtst.so.6.1.0
7f61fb64e000-7f61fb657000 r-xp 00000000 08:02 1053724                    /usr/lib/x86_64-linux-gnu/libXrender.so.1.3.0
7f61fb657000-7f61fb856000 ---p 00009000 08:02 1053724                    /usr/lib/x86_64-linux-gnu/libXrender.so.1.3.0
7f61fb856000-7f61fb857000 r--p 00008000 08:02 1053724                    /usr/lib/x86_64-linux-gnu/libXrender.so.1.3.0
7f61fb857000-7f61fb858000 rw-p 00009000 08:02 1053724                    /usr/lib/x86_64-linux-gnu/libXrender.so.1.3.0
7f61fb858000-7f61fb98d000 r-xp 00000000 08:02 1053687                    /usr/lib/x86_64-linux-gnu/libX11.so.6.3.0
7f61fb98d000-7f61fbb8d000 ---p 00135000 08:02 1053687                    /usr/lib/x86_64-linux-gnu/libX11.so.6.3.0
7f61fbb8d000-7f61fbb8e000 r--p 00135000 08:02 1053687                    /usr/lib/x86_64-linux-gnu/libX11.so.6.3.0
7f61fbb8e000-7f61fbb92000 rw-p 00136000 08:02 1053687                    /usr/lib/x86_64-linux-gnu/libX11.so.6.3.0
7f61fbb92000-7f61fbba3000 r-xp 00000000 08:02 1053704                    /usr/lib/x86_64-linux-gnu/libXext.so.6.4.0
7f61fbba3000-7f61fbda2000 ---p 00011000 08:02 1053704                    /usr/lib/x86_64-linux-gnu/libXext.so.6.4.0
7f61fbda2000-7f61fbda3000 r--p 00010000 08:02 1053704                    /usr/lib/x86_64-linux-gnu/libXext.so.6.4.0
7f61fbda3000-7f61fbda4000 rw-p 00011000 08:02 1053704                    /usr/lib/x86_64-linux-gnu/libXext.so.6.4.0
7f61fbda4000-7f61fbdfb000 r-xp 00000000 08:02 4200495                    /usr/lib/jvm/java-9-openjdk-amd64/lib/amd64/libawt_xawt.so
7f61fbdfb000-7f61fbffb000 ---p 00057000 08:02 4200495                    /usr/lib/jvm/java-9-openjdk-amd64/lib/amd64/libawt_xawt.so
7f61fbffb000-7f61fbffc000 r--p 00057000 08:02 4200495                    /usr/lib/jvm/java-9-openjdk-amd64/lib/amd64/libawt_xawt.so
7f61fbffc000-7f61fbfff000 rw-p 00058000 08:02 4200495                    /usr/lib/jvm/java-9-openjdk-amd64/lib/amd64/libawt_xawt.so
7f61fbfff000-7f61fc000000 rw-p 00000000 00:00 0 
7f61fc000000-7f61fc021000 rw-p 00000000 00:00 0 
7f61fc021000-7f6200000000 ---p 00000000 00:00 0 
7f6200000000-7f6200021000 rw-p 00000000 00:00 0 
7f6200021000-7f6204000000 ---p 00000000 00:00 0 
7f6204000000-7f6204152000 rw-p 00000000 00:00 0 
7f6204152000-7f6208000000 ---p 00000000 00:00 0 
7f6208000000-7f6208021000 rw-p 00000000 00:00 0 
7f6208021000-7f620c000000 ---p 00000000 00:00 0 
7f620c000000-7f620c246000 rw-p 00000000 00:00 0 
7f620c246000-7f6210000000 ---p 00000000 00:00 0 
7f6210000000-7f6210273000 rw-p 00000000 00:00 0 
7f6210273000-7f6214000000 ---p 00000000 00:00 0 
7f6214000000-7f6214021000 rw-p 00000000 00:00 0 
7f6214021000-7f6218000000 ---p 00000000 00:00 0 
7f6218000000-7f6218021000 rw-p 00000000 00:00 0 
7f6218021000-7f621c000000 ---p 00000000 00:00 0 
7f621c0fd000-7f621c19d000 r-xp 00000000 08:02 4200467                    /usr/lib/jvm/java-9-openjdk-amd64/lib/amd64/libawt.so
7f621c19d000-7f621c39c000 ---p 000a0000 08:02 4200467                    /usr/lib/jvm/java-9-openjdk-amd64/lib/amd64/libawt.so
7f621c39c000-7f621c39d000 r--p 0009f000 08:02 4200467                    /usr/lib/jvm/java-9-openjdk-amd64/lib/amd64/libawt.so
7f621c39d000-7f621c3a8000 rw-p 000a0000 08:02 4200467                    /usr/lib/jvm/java-9-openjdk-amd64/lib/amd64/libawt.so
7f621c3a8000-7f621c3cd000 rw-p 00000000 00:00 0 
7f621c3cd000-7f621c3ce000 ---p 00000000 00:00 0 
7f621c3ce000-7f621c4ce000 rw-p 00000000 00:00 0 
7f621c4ce000-7f621c4d2000 ---p 00000000 00:00 0 
7f621c4d2000-7f621c5cf000 rw-p 00000000 00:00 0 
7f621c5cf000-7f621c5d3000 ---p 00000000 00:00 0 
7f621c5d3000-7f621f6d1000 rw-p 00000000 00:00 0 
7f621f6d1000-7f621f6e7000 r-xp 00000000 08:02 4200469                    /usr/lib/jvm/java-9-openjdk-amd64/lib/amd64/libnet.so
7f621f6e7000-7f621f8e6000 ---p 00016000 08:02 4200469                    /usr/lib/jvm/java-9-openjdk-amd64/lib/amd64/libnet.so
7f621f8e6000-7f621f8e7000 r--p 00015000 08:02 4200469                    /usr/lib/jvm/java-9-openjdk-amd64/lib/amd64/libnet.so
7f621f8e7000-7f621f8e8000 rw-p 00016000 08:02 4200469                    /usr/lib/jvm/java-9-openjdk-amd64/lib/amd64/libnet.so
7f621f8e8000-7f621f8f9000 r-xp 00000000 08:02 4200496                    /usr/lib/jvm/java-9-openjdk-amd64/lib/amd64/libnio.so
7f621f8f9000-7f621faf9000 ---p 00011000 08:02 4200496                    /usr/lib/jvm/java-9-openjdk-amd64/lib/amd64/libnio.so
7f621faf9000-7f621fafa000 r--p 00011000 08:02 4200496                    /usr/lib/jvm/java-9-openjdk-amd64/lib/amd64/libnio.so
7f621fafa000-7f621fafb000 rw-p 00012000 08:02 4200496                    /usr/lib/jvm/java-9-openjdk-amd64/lib/amd64/libnio.so
7f621fafb000-7f621faff000 ---p 00000000 00:00 0 
7f621faff000-7f621fbfc000 rw-p 00000000 00:00 0 
7f621fbfc000-7f621fc00000 ---p 00000000 00:00 0 
7f621fc00000-7f621fcfd000 rw-p 00000000 00:00 0 
7f621fcfd000-7f621fd01000 ---p 00000000 00:00 0 
7f621fd01000-7f621fdfe000 rw-p 00000000 00:00 0 
7f621fdfe000-7f621fe02000 ---p 00000000 00:00 0 
7f621fe02000-7f621feff000 rw-p 00000000 00:00 0 
7f621feff000-7f621ff03000 ---p 00000000 00:00 0 
7f621ff03000-7f6220000000 rw-p 00000000 00:00 0 
7f6220000000-7f6220021000 rw-p 00000000 00:00 0 
7f6220021000-7f6224000000 ---p 00000000 00:00 0 
7f6224000000-7f6224021000 rw-p 00000000 00:00 0 
7f6224021000-7f6228000000 ---p 00000000 00:00 0 
7f6228000000-7f6228021000 rw-p 00000000 00:00 0 
7f6228021000-7f622c000000 ---p 00000000 00:00 0 
7f622c000000-7f622c021000 rw-p 00000000 00:00 0 
7f622c021000-7f6230000000 ---p 00000000 00:00 0 
7f6230000000-7f6230021000 rw-p 00000000 00:00 0 
7f6230021000-7f6234000000 ---p 00000000 00:00 0 
7f6234092000-7f6234096000 ---p 00000000 00:00 0 
7f6234096000-7f6234193000 rw-p 00000000 00:00 0 
7f6234193000-7f623446b000 r--p 00000000 08:02 1048649                    /usr/lib/locale/locale-archive
7f623446b000-7f623446f000 ---p 00000000 00:00 0 
7f623446f000-7f623456c000 rw-p 00000000 00:00 0 
7f623456c000-7f6234570000 ---p 00000000 00:00 0 
7f6234570000-7f623466d000 rw-p 00000000 00:00 0 
7f623466d000-7f623466e000 ---p 00000000 00:00 0 
7f623466e000-7f623503f000 rw-p 00000000 00:00 0 
7f623503f000-7f6237230000 rw-p 00000000 00:00 0 
7f6237230000-7f6238000000 ---p 00000000 00:00 0 
7f6238000000-7f6238021000 rw-p 00000000 00:00 0 
7f6238021000-7f623c000000 ---p 00000000 00:00 0 
7f623c000000-7f623c021000 rw-p 00000000 00:00 0 
7f623c021000-7f6240000000 ---p 00000000 00:00 0 
7f6240000000-7f6240021000 rw-p 00000000 00:00 0 
7f6240021000-7f6244000000 ---p 00000000 00:00 0 
7f6244000000-7f6244021000 rw-p 00000000 00:00 0 
7f6244021000-7f6248000000 ---p 00000000 00:00 0 
7f6248000000-7f6248021000 rw-p 00000000 00:00 0 
7f6248021000-7f624c000000 ---p 00000000 00:00 0 
7f624c000000-7f624c021000 rw-p 00000000 00:00 0 
7f624c021000-7f6250000000 ---p 00000000 00:00 0 
7f6250000000-7f6250021000 rw-p 00000000 00:00 0 
7f6250021000-7f6254000000 ---p 00000000 00:00 0 
7f6254000000-7f6254021000 rw-p 00000000 00:00 0 
7f6254021000-7f6258000000 ---p 00000000 00:00 0 
7f6258000000-7f6258021000 rw-p 00000000 00:00 0 
7f6258021000-7f625c000000 ---p 00000000 00:00 0 
7f625c02b000-7f625c32e000 rw-p 00000000 00:00 0 
7f625c32e000-7f625c32f000 ---p 00000000 00:00 0 
7f625c32f000-7f625c42f000 rw-p 00000000 00:00 0 
7f625c42f000-7f625c430000 ---p 00000000 00:00 0 
7f625c430000-7f625c620000 rw-p 00000000 00:00 0 
7f625c620000-7f625d3f0000 ---p 00000000 00:00 0 
7f625d3f0000-7f625d40e000 rw-p 00000000 00:00 0 
7f625d40e000-7f625d5c8000 ---p 00000000 00:00 0 
7f625d5c8000-7f625d5e6000 rw-p 00000000 00:00 0 
7f625d5e6000-7f625d978000 ---p 00000000 00:00 0 
7f625d978000-7f625d996000 rw-p 00000000 00:00 0 
7f625d996000-7f625db50000 ---p 00000000 00:00 0 
7f625db50000-7f625db51000 ---p 00000000 00:00 0 
7f625db51000-7f625dc51000 rw-p 00000000 00:00 0 
7f625dc51000-7f625dec1000 rwxp 00000000 00:00 0 
7f625dec1000-7f625e1e1000 ---p 00000000 00:00 0 
7f625e1e1000-7f625e451000 rwxp 00000000 00:00 0 
7f625e451000-7f6265719000 ---p 00000000 00:00 0 
7f6265719000-7f6265989000 rwxp 00000000 00:00 0 
7f6265989000-7f626cc51000 ---p 00000000 00:00 0 
7f626cc51000-7f6274000000 r--s 00000000 08:02 4200453                    /usr/lib/jvm/java-9-openjdk-amd64/lib/modules
7f6274000000-7f6274368000 rw-p 00000000 00:00 0 
7f6274368000-7f6278000000 ---p 00000000 00:00 0 
7f6278005000-7f627807d000 rw-p 00000000 00:00 0 
7f627807d000-7f627807e000 ---p 00000000 00:00 0 
7f627807e000-7f627817e000 rw-p 00000000 00:00 0 
7f627817e000-7f627817f000 ---p 00000000 00:00 0 
7f627817f000-7f627827f000 rw-p 00000000 00:00 0 
7f627827f000-7f6278280000 ---p 00000000 00:00 0 
7f6278280000-7f6278380000 rw-p 00000000 00:00 0 
7f6278380000-7f6278381000 ---p 00000000 00:00 0 
7f6278381000-7f6278885000 rw-p 00000000 00:00 0 
7f6278885000-7f6278886000 ---p 00000000 00:00 0 
7f6278886000-7f6278986000 rw-p 00000000 00:00 0 
7f6278986000-7f6278987000 ---p 00000000 00:00 0 
7f6278987000-7f6278a87000 rw-p 00000000 00:00 0 
7f6278a87000-7f6278a88000 ---p 00000000 00:00 0 
7f6278a88000-7f6278b88000 rw-p 00000000 00:00 0 
7f6278b88000-7f6278b89000 ---p 00000000 00:00 0 
7f6278b89000-7f6278c8e000 rw-p 00000000 00:00 0 
7f6278c8e000-7f6278d74000 ---p 00000000 00:00 0 
7f6278d74000-7f6278d79000 rw-p 00000000 00:00 0 
7f6278d79000-7f6278e5f000 ---p 00000000 00:00 0 
7f6278e5f000-7f6278e64000 r-xp 00000000 08:02 4200483                    /usr/lib/jvm/java-9-openjdk-amd64/lib/amd64/libjimage.so
7f6278e64000-7f6279063000 ---p 00005000 08:02 4200483                    /usr/lib/jvm/java-9-openjdk-amd64/lib/amd64/libjimage.so
7f6279063000-7f6279064000 r--p 00004000 08:02 4200483                    /usr/lib/jvm/java-9-openjdk-amd64/lib/amd64/libjimage.so
7f6279064000-7f6279065000 rw-p 00005000 08:02 4200483                    /usr/lib/jvm/java-9-openjdk-amd64/lib/amd64/libjimage.so
7f6279065000-7f627906c000 r-xp 00000000 08:02 4200479                    /usr/lib/jvm/java-9-openjdk-amd64/lib/amd64/libzip.so
7f627906c000-7f627926b000 ---p 00007000 08:02 4200479                    /usr/lib/jvm/java-9-openjdk-amd64/lib/amd64/libzip.so
7f627926b000-7f627926c000 r--p 00006000 08:02 4200479                    /usr/lib/jvm/java-9-openjdk-amd64/lib/amd64/libzip.so
7f627926c000-7f627926d000 rw-p 00007000 08:02 4200479                    /usr/lib/jvm/java-9-openjdk-amd64/lib/amd64/libzip.so
7f627926d000-7f6279278000 r-xp 00000000 08:02 20971556                   /lib/x86_64-linux-gnu/libnss_files-2.23.so
7f6279278000-7f6279477000 ---p 0000b000 08:02 20971556                   /lib/x86_64-linux-gnu/libnss_files-2.23.so
7f6279477000-7f6279478000 r--p 0000a000 08:02 20971556                   /lib/x86_64-linux-gnu/libnss_files-2.23.so
7f6279478000-7f6279479000 rw-p 0000b000 08:02 20971556                   /lib/x86_64-linux-gnu/libnss_files-2.23.so
7f6279479000-7f627947f000 rw-p 00000000 00:00 0 
7f627947f000-7f627948a000 r-xp 00000000 08:02 20971559                   /lib/x86_64-linux-gnu/libnss_nis-2.23.so
7f627948a000-7f6279689000 ---p 0000b000 08:02 20971559                   /lib/x86_64-linux-gnu/libnss_nis-2.23.so
7f6279689000-7f627968a000 r--p 0000a000 08:02 20971559                   /lib/x86_64-linux-gnu/libnss_nis-2.23.so
7f627968a000-7f627968b000 rw-p 0000b000 08:02 20971559                   /lib/x86_64-linux-gnu/libnss_nis-2.23.so
7f627968b000-7f62796a1000 r-xp 00000000 08:02 20971524                   /lib/x86_64-linux-gnu/libnsl-2.23.so
7f62796a1000-7f62798a0000 ---p 00016000 08:02 20971524                   /lib/x86_64-linux-gnu/libnsl-2.23.so
7f62798a0000-7f62798a1000 r--p 00015000 08:02 20971524                   /lib/x86_64-linux-gnu/libnsl-2.23.so
7f62798a1000-7f62798a2000 rw-p 00016000 08:02 20971524                   /lib/x86_64-linux-gnu/libnsl-2.23.so
7f62798a2000-7f62798a4000 rw-p 00000000 00:00 0 
7f62798a4000-7f62798ac000 r-xp 00000000 08:02 20971565                   /lib/x86_64-linux-gnu/libnss_compat-2.23.so
7f62798ac000-7f6279aab000 ---p 00008000 08:02 20971565                   /lib/x86_64-linux-gnu/libnss_compat-2.23.so
7f6279aab000-7f6279aac000 r--p 00007000 08:02 20971565                   /lib/x86_64-linux-gnu/libnss_compat-2.23.so
7f6279aac000-7f6279aad000 rw-p 00008000 08:02 20971565                   /lib/x86_64-linux-gnu/libnss_compat-2.23.so
7f6279aad000-7f6279ad8000 r-xp 00000000 08:02 4200462                    /usr/lib/jvm/java-9-openjdk-amd64/lib/amd64/libjava.so
7f6279ad8000-7f6279cd7000 ---p 0002b000 08:02 4200462                    /usr/lib/jvm/java-9-openjdk-amd64/lib/amd64/libjava.so
7f6279cd7000-7f6279cd8000 r--p 0002a000 08:02 4200462                    /usr/lib/jvm/java-9-openjdk-amd64/lib/amd64/libjava.so
7f6279cd8000-7f6279cda000 rw-p 0002b000 08:02 4200462                    /usr/lib/jvm/java-9-openjdk-amd64/lib/amd64/libjava.so
7f6279cda000-7f6279ce7000 r-xp 00000000 08:02 4200463                    /usr/lib/jvm/java-9-openjdk-amd64/lib/amd64/libverify.so
7f6279ce7000-7f6279ee6000 ---p 0000d000 08:02 4200463                    /usr/lib/jvm/java-9-openjdk-amd64/lib/amd64/libverify.so
7f6279ee6000-7f6279ee8000 r--p 0000c000 08:02 4200463                    /usr/lib/jvm/java-9-openjdk-amd64/lib/amd64/libverify.so
7f6279ee8000-7f6279ee9000 rw-p 0000e000 08:02 4200463                    /usr/lib/jvm/java-9-openjdk-amd64/lib/amd64/libverify.so
7f6279ee9000-7f6279ef0000 r-xp 00000000 08:02 20971561                   /lib/x86_64-linux-gnu/librt-2.23.so
7f6279ef0000-7f627a0ef000 ---p 00007000 08:02 20971561                   /lib/x86_64-linux-gnu/librt-2.23.so
7f627a0ef000-7f627a0f0000 r--p 00006000 08:02 20971561                   /lib/x86_64-linux-gnu/librt-2.23.so
7f627a0f0000-7f627a0f1000 rw-p 00007000 08:02 20971561                   /lib/x86_64-linux-gnu/librt-2.23.so
7f627a0f1000-7f627a107000 r-xp 00000000 08:02 20975999                   /lib/x86_64-linux-gnu/libgcc_s.so.1
7f627a107000-7f627a306000 ---p 00016000 08:02 20975999                   /lib/x86_64-linux-gnu/libgcc_s.so.1
7f627a306000-7f627a307000 rw-p 00015000 08:02 20975999                   /lib/x86_64-linux-gnu/libgcc_s.so.1
7f627a307000-7f627a40f000 r-xp 00000000 08:02 20971570                   /lib/x86_64-linux-gnu/libm-2.23.so
7f627a40f000-7f627a60e000 ---p 00108000 08:02 20971570                   /lib/x86_64-linux-gnu/libm-2.23.so
7f627a60e000-7f627a60f000 r--p 00107000 08:02 20971570                   /lib/x86_64-linux-gnu/libm-2.23.so
7f627a60f000-7f627a610000 rw-p 00108000 08:02 20971570                   /lib/x86_64-linux-gnu/libm-2.23.so
7f627a610000-7f627a782000 r-xp 00000000 08:02 1054593                    /usr/lib/x86_64-linux-gnu/libstdc++.so.6.0.21
7f627a782000-7f627a982000 ---p 00172000 08:02 1054593                    /usr/lib/x86_64-linux-gnu/libstdc++.so.6.0.21
7f627a982000-7f627a98c000 r--p 00172000 08:02 1054593                    /usr/lib/x86_64-linux-gnu/libstdc++.so.6.0.21
7f627a98c000-7f627a98e000 rw-p 0017c000 08:02 1054593                    /usr/lib/x86_64-linux-gnu/libstdc++.so.6.0.21
7f627a98e000-7f627a992000 rw-p 00000000 00:00 0 
7f627a992000-7f627b7f0000 r-xp 00000000 08:02 4200476                    /usr/lib/jvm/java-9-openjdk-amd64/lib/amd64/server/libjvm.so
7f627b7f0000-7f627b9f0000 ---p 00e5e000 08:02 4200476                    /usr/lib/jvm/java-9-openjdk-amd64/lib/amd64/server/libjvm.so
7f627b9f0000-7f627baa2000 r--p 00e5e000 08:02 4200476                    /usr/lib/jvm/java-9-openjdk-amd64/lib/amd64/server/libjvm.so
7f627baa2000-7f627bad4000 rw-p 00f10000 08:02 4200476                    /usr/lib/jvm/java-9-openjdk-amd64/lib/amd64/server/libjvm.so
7f627bad4000-7f627bb19000 rw-p 00000000 00:00 0 
7f627bb19000-7f627bb31000 r-xp 00000000 08:02 20971558                   /lib/x86_64-linux-gnu/libpthread-2.23.so
7f627bb31000-7f627bd30000 ---p 00018000 08:02 20971558                   /lib/x86_64-linux-gnu/libpthread-2.23.so
7f627bd30000-7f627bd31000 r--p 00017000 08:02 20971558                   /lib/x86_64-linux-gnu/libpthread-2.23.so
7f627bd31000-7f627bd32000 rw-p 00018000 08:02 20971558                   /lib/x86_64-linux-gnu/libpthread-2.23.so
7f627bd32000-7f627bd36000 rw-p 00000000 00:00 0 
7f627bd36000-7f627bd39000 r-xp 00000000 08:02 20971564                   /lib/x86_64-linux-gnu/libdl-2.23.so
7f627bd39000-7f627bf38000 ---p 00003000 08:02 20971564                   /lib/x86_64-linux-gnu/libdl-2.23.so
7f627bf38000-7f627bf39000 r--p 00002000 08:02 20971564                   /lib/x86_64-linux-gnu/libdl-2.23.so
7f627bf39000-7f627bf3a000 rw-p 00003000 08:02 20971564                   /lib/x86_64-linux-gnu/libdl-2.23.so
7f627bf3a000-7f627bf53000 r-xp 00000000 08:02 20975927                   /lib/x86_64-linux-gnu/libz.so.1.2.8
7f627bf53000-7f627c152000 ---p 00019000 08:02 20975927                   /lib/x86_64-linux-gnu/libz.so.1.2.8
7f627c152000-7f627c153000 r--p 00018000 08:02 20975927                   /lib/x86_64-linux-gnu/libz.so.1.2.8
7f627c153000-7f627c154000 rw-p 00019000 08:02 20975927                   /lib/x86_64-linux-gnu/libz.so.1.2.8
7f627c154000-7f627c314000 r-xp 00000000 08:02 20975980                   /lib/x86_64-linux-gnu/libc-2.23.so
7f627c314000-7f627c514000 ---p 001c0000 08:02 20975980                   /lib/x86_64-linux-gnu/libc-2.23.so
7f627c514000-7f627c518000 r--p 001c0000 08:02 20975980                   /lib/x86_64-linux-gnu/libc-2.23.so
7f627c518000-7f627c51a000 rw-p 001c4000 08:02 20975980                   /lib/x86_64-linux-gnu/libc-2.23.so
7f627c51a000-7f627c51e000 rw-p 00000000 00:00 0 
7f627c51e000-7f627c52c000 r-xp 00000000 08:02 4200493                    /usr/lib/jvm/java-9-openjdk-amd64/lib/amd64/jli/libjli.so
7f627c52c000-7f627c72b000 ---p 0000e000 08:02 4200493                    /usr/lib/jvm/java-9-openjdk-amd64/lib/amd64/jli/libjli.so
7f627c72b000-7f627c72c000 r--p 0000d000 08:02 4200493                    /usr/lib/jvm/java-9-openjdk-amd64/lib/amd64/jli/libjli.so
7f627c72c000-7f627c72d000 rw-p 0000e000 08:02 4200493                    /usr/lib/jvm/java-9-openjdk-amd64/lib/amd64/jli/libjli.so
7f627c72d000-7f627c753000 r-xp 00000000 08:02 20971533                   /lib/x86_64-linux-gnu/ld-2.23.so
7f627c773000-7f627c827000 rw-p 00000000 00:00 0 
7f627c827000-7f627c82b000 ---p 00000000 00:00 0 
7f627c82b000-7f627c92d000 rw-p 00000000 00:00 0 
7f627c93a000-7f627c93f000 rw-p 00000000 00:00 0 
7f627c93f000-7f627c946000 ---p 00000000 00:00 0 
7f627c946000-7f627c94e000 rw-s 00000000 08:02 12845073                   /tmp/hsperfdata_myxroft2/7488
7f627c94e000-7f627c94f000 rw-p 00000000 00:00 0 
7f627c94f000-7f627c950000 r--p 00000000 00:00 0 
7f627c950000-7f627c952000 rw-p 00000000 00:00 0 
7f627c952000-7f627c953000 r--p 00025000 08:02 20971533                   /lib/x86_64-linux-gnu/ld-2.23.so
7f627c953000-7f627c954000 rw-p 00026000 08:02 20971533                   /lib/x86_64-linux-gnu/ld-2.23.so
7f627c954000-7f627c955000 rw-p 00000000 00:00 0 
7ffee318e000-7ffee31af000 rw-p 00000000 00:00 0                          [stack]
7ffee31e1000-7ffee31e3000 r--p 00000000 00:00 0                          [vvar]
7ffee31e3000-7ffee31e5000 r-xp 00000000 00:00 0                          [vdso]
ffffffffff600000-ffffffffff601000 r-xp 00000000 00:00 0                  [vsyscall]

VM Arguments:
java_command: /usr/share/arduino/arduinopc.jar
java_class_path (initial): /usr/share/arduino/arduinopc.jar
Launcher Type: SUN_STANDARD

Environment Variables:
PATH=/home/myxroft2/.virtualenvs/cv/bin:/home/myxroft2/bin:/home/myxroft2/.local/bin:/usr/local/sbin:/usr/local/bin:/usr/sbin:/usr/bin:/sbin:/bin:/usr/games:/usr/local/games
SHELL=/bin/bash
DISPLAY=:0

Signal Handlers:
SIGSEGV: [libjvm.so+0xc12c20], sa_mask[0]=11111111011111111101111111111110, sa_flags=SA_RESTART|SA_SIGINFO
SIGBUS: [libjvm.so+0xc12c20], sa_mask[0]=11111111011111111101111111111110, sa_flags=SA_RESTART|SA_SIGINFO
SIGFPE: [libjvm.so+0xc12c20], sa_mask[0]=11111111011111111101111111111110, sa_flags=SA_RESTART|SA_SIGINFO
SIGPIPE: [libjvm.so+0xa3b600], sa_mask[0]=11111111011111111101111111111110, sa_flags=SA_RESTART|SA_SIGINFO
SIGXFSZ: [libjvm.so+0xa3b600], sa_mask[0]=11111111011111111101111111111110, sa_flags=SA_RESTART|SA_SIGINFO
SIGILL: [libjvm.so+0xc12c20], sa_mask[0]=11111111011111111101111111111110, sa_flags=SA_RESTART|SA_SIGINFO
SIGUSR2: [libjvm.so+0xa3b4a0], sa_mask[0]=00000000000000000000000000000000, sa_flags=SA_RESTART|SA_SIGINFO
SIGHUP: [libjvm.so+0xa3b870], sa_mask[0]=11111111011111111101111111111110, sa_flags=SA_RESTART|SA_SIGINFO
SIGINT: [libjvm.so+0xa3b870], sa_mask[0]=11111111011111111101111111111110, sa_flags=SA_RESTART|SA_SIGINFO
SIGTERM: [libjvm.so+0xa3b870], sa_mask[0]=11111111011111111101111111111110, sa_flags=SA_RESTART|SA_SIGINFO
SIGQUIT: [libjvm.so+0xa3b870], sa_mask[0]=11111111011111111101111111111110, sa_flags=SA_RESTART|SA_SIGINFO


---------------  S Y S T E M  ---------------

OS:DISTRIB_ID=Ubuntu
DISTRIB_RELEASE=16.04
DISTRIB_CODENAME=xenial
DISTRIB_DESCRIPTION="Ubuntu 16.04.3 LTS"
uname:Linux 4.10.0-30-generic #34~16.04.1-Ubuntu SMP Wed Aug 2 02:13:56 UTC 2017 x86_64
libc:glibc 2.23 NPTL 2.23 
rlimit: STACK 8192k, CORE 0k, NPROC 14225, NOFILE 1048576, AS infinity
load average:1.44 1.04 0.71

/proc/meminfo:
MemTotal:        3864556 kB
MemFree:         1744816 kB
MemAvailable:    2353544 kB
Buffers:           90260 kB
Cached:           766792 kB
SwapCached:        38016 kB
Active:          1628492 kB
Inactive:         339684 kB
Active(anon):    1066808 kB
Inactive(anon):   115440 kB
Active(file):     561684 kB
Inactive(file):   224244 kB
Unevictable:          32 kB
Mlocked:              32 kB
SwapTotal:       4012028 kB
SwapFree:        3652880 kB
Dirty:             92608 kB
Writeback:             0 kB
AnonPages:        851004 kB
Mapped:           235852 kB
Shmem:             70968 kB
Slab:              79520 kB
SReclaimable:      50456 kB
SUnreclaim:        29064 kB
KernelStack:        6152 kB
PageTables:        18628 kB
NFS_Unstable:          0 kB
Bounce:                0 kB
WritebackTmp:          0 kB
CommitLimit:     5944304 kB
Committed_AS:    3620100 kB
VmallocTotal:   34359738367 kB
VmallocUsed:           0 kB
VmallocChunk:          0 kB
HardwareCorrupted:     0 kB
AnonHugePages:    133120 kB
ShmemHugePages:        0 kB
ShmemPmdMapped:        0 kB
CmaTotal:              0 kB
CmaFree:               0 kB
HugePages_Total:       0
HugePages_Free:        0
HugePages_Rsvd:        0
HugePages_Surp:        0
Hugepagesize:       2048 kB
DirectMap4k:      127264 kB
DirectMap2M:     3885056 kB


CPU:total 4 (2 cores per cpu, 2 threads per core) family 6 model 58 stepping 9, cmov, cx8, fxsr, mmx, sse, sse2, sse3, ssse3, sse4.1, sse4.2, popcnt, avx, clmul, erms, ht, tsc, tscinvbit, tscinv

CPU Model and flags from /proc/cpuinfo:
model name	: Intel(R) Core(TM) i3-3217U CPU @ 1.80GHz
flags		: fpu vme de pse tsc msr pae mce cx8 apic sep mtrr pge mca cmov pat pse36 clflush dts acpi mmx fxsr sse sse2 ss ht tm pbe syscall nx rdtscp lm constant_tsc arch_perfmon pebs bts rep_good nopl xtopology nonstop_tsc aperfmperf pni pclmulqdq dtes64 monitor ds_cpl vmx est tm2 ssse3 cx16 xtpr pdcm pcid sse4_1 sse4_2 x2apic popcnt tsc_deadline_timer xsave avx f16c lahf_lm epb tpr_shadow vnmi flexpriority ept vpid fsgsbase smep erms xsaveopt dtherm ida arat pln pts

Memory: 4k page, physical 3864556k(1744404k free), swap 4012028k(3652880k free)

vm_info: OpenJDK 64-Bit Server VM (9-internal+0-2016-04-14-195246.buildd.src) for linux-amd64 JRE (9-internal+0-2016-04-14-195246.buildd.src), built on Apr 14 2016 20:05:37 by "buildd" with gcc 5.3.1 20160413

END.
